Started GET "/" for 127.0.0.1 at 2022-06-23 22:36:54 +0200
  [1m[35m (6.0ms)[0m  [1m[34mSELECT sqlite_version(*)[0m
Processing by Rails::WelcomeController#index as HTML
  Rendering /home/private/.local/share/gem/ruby/3.0.0/gems/railties-7.0.3/lib/rails/templates/rails/welcome/index.html.erb
  Rendered /home/private/.local/share/gem/ruby/3.0.0/gems/railties-7.0.3/lib/rails/templates/rails/welcome/index.html.erb (Duration: 4.2ms | Allocations: 838)
Completed 200 OK in 28ms (Views: 15.3ms | ActiveRecord: 0.0ms | Allocations: 7711)


Started GET "/" for 127.0.0.1 at 2022-06-24 16:40:52 +0200
  [1m[35m (1.2ms)[0m  [1m[34mSELECT sqlite_version(*)[0m
Processing by Rails::WelcomeController#index as HTML
  Rendering /home/private/.local/share/gem/ruby/3.0.0/gems/railties-7.0.3/lib/rails/templates/rails/welcome/index.html.erb
  Rendered /home/private/.local/share/gem/ruby/3.0.0/gems/railties-7.0.3/lib/rails/templates/rails/welcome/index.html.erb (Duration: 8.0ms | Allocations: 733)
Completed 200 OK in 24ms (Views: 14.1ms | ActiveRecord: 0.0ms | Allocations: 6453)


Started GET "/books" for 127.0.0.1 at 2022-06-24 16:41:03 +0200
Processing by BooksController#index as HTML
  Rendering layout layouts/application.html.erb
  Rendering books/index.html.erb within layouts/application
  Rendered books/index.html.erb within layouts/application (Duration: 1.0ms | Allocations: 146)
  Rendered layout layouts/application.html.erb (Duration: 445.7ms | Allocations: 93468)
Completed 200 OK in 450ms (Views: 447.8ms | ActiveRecord: 0.0ms | Allocations: 94771)


  [1m[35m (254.7ms)[0m  [1m[35mCREATE DATABASE "book_store_dev" ENCODING = 'unicode'[0m
Started GET "/" for 127.0.0.1 at 2022-06-24 18:09:45 +0200
  [1m[35m (25.7ms)[0m  [1m[35mCREATE TABLE "schema_migrations" ("version" character varying NOT NULL PRIMARY KEY)[0m
  [1m[35m (18.8ms)[0m  [1m[35mCREATE TABLE "ar_internal_metadata" ("key" character varying NOT NULL PRIMARY KEY, "value" character varying, "created_at" timestamp(6) NOT NULL, "updated_at" timestamp(6) NOT NULL)[0m
  [1m[36mActiveRecord::SchemaMigration Pluck (0.8ms)[0m  [1m[34mSELECT "schema_migrations"."version" FROM "schema_migrations" ORDER BY "schema_migrations"."version" ASC[0m
  
ActiveRecord::PendingMigrationError (

Migrations are pending. To resolve this issue, run:

        bin/rails db:migrate RAILS_ENV=development

You have 1 pending migration:

20220624160831_create_books.rb


):
  
activerecord (7.0.3) lib/active_record/migration.rb:627:in `check_pending!'
activerecord (7.0.3) lib/active_record/migration.rb:592:in `block (2 levels) in call'
activesupport (7.0.3) lib/active_support/file_update_checker.rb:83:in `execute'
activerecord (7.0.3) lib/active_record/migration.rb:597:in `block in call'
activerecord (7.0.3) lib/active_record/migration.rb:589:in `synchronize'
activerecord (7.0.3) lib/active_record/migration.rb:589:in `call'
actionpack (7.0.3) lib/action_dispatch/middleware/callbacks.rb:27:in `block in call'
activesupport (7.0.3) lib/active_support/callbacks.rb:99:in `run_callbacks'
actionpack (7.0.3) lib/action_dispatch/middleware/callbacks.rb:26:in `call'
actionpack (7.0.3) lib/action_dispatch/middleware/executor.rb:14:in `call'
actionpack (7.0.3) lib/action_dispatch/middleware/actionable_exceptions.rb:17:in `call'
actionpack (7.0.3) lib/action_dispatch/middleware/debug_exceptions.rb:28:in `call'
web-console (4.2.0) lib/web_console/middleware.rb:132:in `call_app'
web-console (4.2.0) lib/web_console/middleware.rb:28:in `block in call'
web-console (4.2.0) lib/web_console/middleware.rb:17:in `catch'
web-console (4.2.0) lib/web_console/middleware.rb:17:in `call'
actionpack (7.0.3) lib/action_dispatch/middleware/show_exceptions.rb:26:in `call'
railties (7.0.3) lib/rails/rack/logger.rb:40:in `call_app'
railties (7.0.3) lib/rails/rack/logger.rb:25:in `block in call'
activesupport (7.0.3) lib/active_support/tagged_logging.rb:114:in `block in tagged'
activesupport (7.0.3) lib/active_support/tagged_logging.rb:38:in `tagged'
activesupport (7.0.3) lib/active_support/tagged_logging.rb:114:in `tagged'
railties (7.0.3) lib/rails/rack/logger.rb:25:in `call'
sprockets-rails (3.4.2) lib/sprockets/rails/quiet_assets.rb:13:in `call'
actionpack (7.0.3) lib/action_dispatch/middleware/remote_ip.rb:93:in `call'
actionpack (7.0.3) lib/action_dispatch/middleware/request_id.rb:26:in `call'
rack (2.2.3.1) lib/rack/method_override.rb:24:in `call'
rack (2.2.3.1) lib/rack/runtime.rb:22:in `call'
activesupport (7.0.3) lib/active_support/cache/strategy/local_cache_middleware.rb:29:in `call'
actionpack (7.0.3) lib/action_dispatch/middleware/server_timing.rb:20:in `call'
actionpack (7.0.3) lib/action_dispatch/middleware/executor.rb:14:in `call'
actionpack (7.0.3) lib/action_dispatch/middleware/static.rb:23:in `call'
rack (2.2.3.1) lib/rack/sendfile.rb:110:in `call'
actionpack (7.0.3) lib/action_dispatch/middleware/host_authorization.rb:137:in `call'
railties (7.0.3) lib/rails/engine.rb:530:in `call'
puma (5.6.4) lib/puma/configuration.rb:252:in `call'
puma (5.6.4) lib/puma/request.rb:77:in `block in handle_request'
puma (5.6.4) lib/puma/thread_pool.rb:340:in `with_force_shutdown'
puma (5.6.4) lib/puma/request.rb:76:in `handle_request'
puma (5.6.4) lib/puma/server.rb:441:in `process_client'
puma (5.6.4) lib/puma/thread_pool.rb:147:in `block in spawn_thread'
  [1m[35m (0.5ms)[0m  [1m[34mSELECT pg_try_advisory_lock(70146311319828450)[0m
  [1m[36mActiveRecord::SchemaMigration Pluck (1.4ms)[0m  [1m[34mSELECT "schema_migrations"."version" FROM "schema_migrations" ORDER BY "schema_migrations"."version" ASC[0m
Migrating to CreateBooks (20220624160831)
  [1m[36mTRANSACTION (0.4ms)[0m  [1m[35mBEGIN[0m
  [1m[35m (30.8ms)[0m  [1m[35mCREATE TABLE "books" ("id" bigserial primary key, "isbn" integer, "name" character varying, "description" text, "created_at" timestamp(6) NOT NULL, "updated_at" timestamp(6) NOT NULL)[0m
  [1m[36mActiveRecord::SchemaMigration Create (0.5ms)[0m  [1m[32mINSERT INTO "schema_migrations" ("version") VALUES ($1) RETURNING "version"[0m  [["version", "20220624160831"]]
  [1m[36mTRANSACTION (9.8ms)[0m  [1m[35mCOMMIT[0m
  [1m[36mActiveRecord::InternalMetadata Load (0.3ms)[0m  [1m[34mSELECT "ar_internal_metadata".* FROM "ar_internal_metadata" WHERE "ar_internal_metadata"."key" = $1 LIMIT $2[0m  [["key", "environment"], ["LIMIT", 1]]
  [1m[36mTRANSACTION (0.2ms)[0m  [1m[35mBEGIN[0m
  [1m[36mActiveRecord::InternalMetadata Create (0.8ms)[0m  [1m[32mINSERT INTO "ar_internal_metadata" ("key", "value", "created_at", "updated_at") VALUES ($1, $2, $3, $4) RETURNING "key"[0m  [["key", "environment"], ["value", "development"], ["created_at", "2022-06-24 16:10:16.685166"], ["updated_at", "2022-06-24 16:10:16.685166"]]
  [1m[36mTRANSACTION (1.9ms)[0m  [1m[35mCOMMIT[0m
  [1m[35m (0.3ms)[0m  [1m[34mSELECT pg_advisory_unlock(70146311319828450)[0m
  [1m[36mActiveRecord::SchemaMigration Pluck (0.7ms)[0m  [1m[34mSELECT "schema_migrations"."version" FROM "schema_migrations" ORDER BY "schema_migrations"."version" ASC[0m
Started GET "/" for 127.0.0.1 at 2022-06-24 18:10:23 +0200
  [1m[36mActiveRecord::SchemaMigration Pluck (0.2ms)[0m  [1m[34mSELECT "schema_migrations"."version" FROM "schema_migrations" ORDER BY "schema_migrations"."version" ASC[0m
Processing by BooksController#index as HTML
  Rendering layout layouts/application.html.erb
  Rendering books/index.html.erb within layouts/application
  Rendered books/index.html.erb within layouts/application (Duration: 0.9ms | Allocations: 145)
  Rendered layout layouts/application.html.erb (Duration: 77.8ms | Allocations: 34868)
Completed 200 OK in 100ms (Views: 79.7ms | ActiveRecord: 0.0ms | Allocations: 38704)


Started GET "/" for 127.0.0.1 at 2022-06-24 18:21:36 +0200
Processing by BooksController#index as HTML
  Rendering layout layouts/application.html.erb
  Rendering books/index.html.erb within layouts/application
  Rendered books/index.html.erb within layouts/application (Duration: 1.9ms | Allocations: 1165)
  Rendered layout layouts/application.html.erb (Duration: 3.5ms | Allocations: 1255)
Completed 500 Internal Server Error in 47ms (ActiveRecord: 11.2ms | Allocations: 11450)


  
ActionView::SyntaxErrorInTemplate (Encountered a syntax error while rendering template: check <h1>Books</h1>

<ul>

    <% @books.each do |book|%>
        <li>
            <%= book.name %>
        </li>
</ul>
):
1:    <h1>Books</h1>
2:    
3:    <ul>
4:    
5:        <% @books.each do |book|%>
6:            <li>
7:                <%= book.name %>
8:            </li>
9:    </ul>
  
app/views/books/index.html.erb:11: syntax error, unexpected end-of-input, expecting `end'
app/views/books/index.html.erb:11: syntax error, unexpected end-of-input, expecting `end'
app/views/books/index.html.erb:11: syntax error, unexpected end-of-input, expecting `end'
app/views/books/index.html.erb:11: syntax error, unexpected end-of-input, expecting `end'
app/views/books/index.html.erb:11: syntax error, unexpected end-of-input, expecting `end'
app/views/books/index.html.erb:11: syntax error, unexpected end-of-input, expecting `end'
Started GET "/" for 127.0.0.1 at 2022-06-24 18:21:59 +0200
Processing by BooksController#index as HTML
  Rendering layout layouts/application.html.erb
  Rendering books/index.html.erb within layouts/application
  Rendered books/index.html.erb within layouts/application (Duration: 4.3ms | Allocations: 3336)
  Rendered layout layouts/application.html.erb (Duration: 5.6ms | Allocations: 3424)
Completed 500 Internal Server Error in 11ms (ActiveRecord: 0.0ms | Allocations: 4559)


  
ActionView::Template::Error (undefined method `each' for #<Book id: nil, isbn: nil, name: nil, description: nil, created_at: nil, updated_at: nil>):
    2: 
    3: <ul>
    4: 
    5:     <% @books.each do |book|%>
    6:         <li>
    7:             <%= book.name %>
    8:         </li>
  
app/views/books/index.html.erb:5
Started PUT "/__web_console/repl_sessions/a3fd119bba9548ac44c70e653cb03162" for 127.0.0.1 at 2022-06-24 18:22:39 +0200
Started PUT "/__web_console/repl_sessions/a3fd119bba9548ac44c70e653cb03162" for 127.0.0.1 at 2022-06-24 18:22:40 +0200
Started PUT "/__web_console/repl_sessions/a3fd119bba9548ac44c70e653cb03162" for 127.0.0.1 at 2022-06-24 18:22:48 +0200
Started PUT "/__web_console/repl_sessions/a3fd119bba9548ac44c70e653cb03162" for 127.0.0.1 at 2022-06-24 18:23:30 +0200
Started PUT "/__web_console/repl_sessions/a3fd119bba9548ac44c70e653cb03162" for 127.0.0.1 at 2022-06-24 18:23:41 +0200
Started PUT "/__web_console/repl_sessions/a3fd119bba9548ac44c70e653cb03162" for 127.0.0.1 at 2022-06-24 18:25:18 +0200
Started PUT "/__web_console/repl_sessions/a3fd119bba9548ac44c70e653cb03162" for 127.0.0.1 at 2022-06-24 18:26:26 +0200
Started GET "/" for 127.0.0.1 at 2022-06-24 18:26:28 +0200
Processing by BooksController#index as HTML
  Rendering layout layouts/application.html.erb
  Rendering books/index.html.erb within layouts/application
  Rendered books/index.html.erb within layouts/application (Duration: 1.1ms | Allocations: 271)
  Rendered layout layouts/application.html.erb (Duration: 24.4ms | Allocations: 14555)
Completed 200 OK in 31ms (Views: 27.7ms | ActiveRecord: 0.0ms | Allocations: 15760)


  [1m[36mTRANSACTION (0.3ms)[0m  [1m[35mBEGIN[0m
  [1m[36mBook Create (0.8ms)[0m  [1m[32mINSERT INTO "books" ("isbn", "name", "description", "created_at", "updated_at") VALUES ($1, $2, $3, $4, $5) RETURNING "id"[0m  [["isbn", 12], ["name", "rails tester"], ["description", "this is your start to becoming a rails tester"], ["created_at", "2022-06-24 16:40:29.972977"], ["updated_at", "2022-06-24 16:40:29.972977"]]
  [1m[36mTRANSACTION (2.2ms)[0m  [1m[35mCOMMIT[0m
Started GET "/" for 127.0.0.1 at 2022-06-24 18:41:37 +0200
Processing by BooksController#index as HTML
  Rendering layout layouts/application.html.erb
  Rendering books/index.html.erb within layouts/application
  Rendered books/index.html.erb within layouts/application (Duration: 7.7ms | Allocations: 3195)
  Rendered layout layouts/application.html.erb (Duration: 8.6ms | Allocations: 3284)
Completed 500 Internal Server Error in 15ms (Allocations: 4423)


  
ActionView::Template::Error (undefined method `each' for #<Book id: nil, isbn: nil, name: nil, description: nil, created_at: nil, updated_at: nil>):
    1: <h1>Books</h1>
    2: 
    3: <ul>
    4:     <% @books.each do |book|%>
    5:         <li>
    6:             <%= book.name %>
    7:         </li>
  
app/views/books/index.html.erb:4
Started GET "/" for 127.0.0.1 at 2022-06-24 18:42:40 +0200
Processing by BooksController#index as HTML
  Rendering layout layouts/application.html.erb
  Rendering books/index.html.erb within layouts/application
  [1m[36mBook Load (0.6ms)[0m  [1m[34mSELECT "books".* FROM "books"[0m
  ↳ app/views/books/index.html.erb:4
  Rendered books/index.html.erb within layouts/application (Duration: 32.9ms | Allocations: 5325)
  Rendered layout layouts/application.html.erb (Duration: 85.4ms | Allocations: 19643)
Completed 200 OK in 109ms (Views: 98.0ms | ActiveRecord: 12.6ms | Allocations: 21230)


Started GET "/" for 127.0.0.1 at 2022-06-24 18:48:15 +0200
Processing by BooksController#index as HTML
  Rendering layout layouts/application.html.erb
  Rendering books/index.html.erb within layouts/application
  [1m[36mBook Load (0.5ms)[0m  [1m[34mSELECT "books".* FROM "books"[0m
  ↳ app/views/books/index.html.erb:4
  Rendered books/index.html.erb within layouts/application (Duration: 16.9ms | Allocations: 4152)
  Rendered layout layouts/application.html.erb (Duration: 23.1ms | Allocations: 7041)
Completed 200 OK in 27ms (Views: 25.5ms | ActiveRecord: 7.3ms | Allocations: 8216)


Started GET "/" for 127.0.0.1 at 2022-06-24 18:48:35 +0200
Processing by BooksController#index as HTML
  Rendering layout layouts/application.html.erb
  Rendering books/index.html.erb within layouts/application
  [1m[36mBook Load (0.5ms)[0m  [1m[34mSELECT "books".* FROM "books"[0m
  ↳ app/views/books/index.html.erb:12
  Rendered books/index.html.erb within layouts/application (Duration: 3.7ms | Allocations: 934)
  Rendered layout layouts/application.html.erb (Duration: 12.8ms | Allocations: 3775)
Completed 200 OK in 16ms (Views: 14.1ms | ActiveRecord: 0.5ms | Allocations: 4935)


Started GET "/" for 127.0.0.1 at 2022-06-24 18:49:25 +0200
Processing by BooksController#index as HTML
  Rendering layout layouts/application.html.erb
  Rendering books/index.html.erb within layouts/application
  [1m[36mBook Load (0.3ms)[0m  [1m[34mSELECT "books".* FROM "books"[0m
  ↳ app/views/books/index.html.erb:12
  Rendered books/index.html.erb within layouts/application (Duration: 11.3ms | Allocations: 2457)
  Rendered layout layouts/application.html.erb (Duration: 29.0ms | Allocations: 16552)
Completed 200 OK in 34ms (Views: 24.5ms | ActiveRecord: 6.2ms | Allocations: 18147)


Started GET "/" for 127.0.0.1 at 2022-06-24 18:53:55 +0200
Processing by BooksController#index as HTML
  Rendering layout layouts/application.html.erb
  Rendering books/index.html.erb within layouts/application
  [1m[36mBook Load (0.4ms)[0m  [1m[34mSELECT "books".* FROM "books"[0m
  ↳ app/views/books/index.html.erb:12
  Rendered books/index.html.erb within layouts/application (Duration: 15.7ms | Allocations: 5747)
  Rendered layout layouts/application.html.erb (Duration: 16.2ms | Allocations: 5835)
Completed 500 Internal Server Error in 23ms (ActiveRecord: 4.0ms | Allocations: 7723)


  
ActionView::Template::Error (undefined method `book_path' for #<ActionView::Base:0x0000000001ab80>
Did you mean?  root_path):
    12:         <% @books.each do |book| %>
    13:             <tr>
    14:                 <td> <%= book.isbn %> </td>
    15:                 <td> <%= link_to book.name, book %> </td>
    16:                 <td> action </td>
    17:             </tr>
    18:         <% end %>
  
app/views/books/index.html.erb:15
app/views/books/index.html.erb:12
Started GET "/" for 127.0.0.1 at 2022-06-24 18:57:48 +0200
Processing by BooksController#index as HTML
  Rendering layout layouts/application.html.erb
  Rendering books/index.html.erb within layouts/application
  [1m[36mBook Load (0.3ms)[0m  [1m[34mSELECT "books".* FROM "books"[0m
  ↳ app/views/books/index.html.erb:12
  Rendered books/index.html.erb within layouts/application (Duration: 9.1ms | Allocations: 2522)
  Rendered layout layouts/application.html.erb (Duration: 43.0ms | Allocations: 16852)
Completed 200 OK in 48ms (Views: 40.9ms | ActiveRecord: 3.7ms | Allocations: 18444)


Started GET "/books/1" for 127.0.0.1 at 2022-06-24 18:57:49 +0200
Processing by BooksController#show as HTML
  Parameters: {"id"=>"1"}
  [1m[36mBook Load (0.2ms)[0m  [1m[34mSELECT "books".* FROM "books" WHERE "books"."id" = $1 LIMIT $2[0m  [["id", 1], ["LIMIT", 1]]
  ↳ app/controllers/books_controller.rb:8:in `show'
Completed 406 Not Acceptable in 20ms (ActiveRecord: 0.4ms | Allocations: 3346)


  
ActionController::MissingExactTemplate (BooksController#show is missing a template for request formats: text/html):
  
actionpack (7.0.3) lib/action_controller/metal/implicit_render.rb:45:in `default_render'
actionpack (7.0.3) lib/action_controller/metal/basic_implicit_render.rb:6:in `block in send_action'
<internal:kernel>:90:in `tap'
actionpack (7.0.3) lib/action_controller/metal/basic_implicit_render.rb:6:in `send_action'
actionpack (7.0.3) lib/abstract_controller/base.rb:215:in `process_action'
actionpack (7.0.3) lib/action_controller/metal/rendering.rb:53:in `process_action'
actionpack (7.0.3) lib/abstract_controller/callbacks.rb:234:in `block in process_action'
activesupport (7.0.3) lib/active_support/callbacks.rb:118:in `block in run_callbacks'
actiontext (7.0.3) lib/action_text/rendering.rb:20:in `with_renderer'
actiontext (7.0.3) lib/action_text/engine.rb:69:in `block (4 levels) in <class:Engine>'
activesupport (7.0.3) lib/active_support/callbacks.rb:127:in `instance_exec'
activesupport (7.0.3) lib/active_support/callbacks.rb:127:in `block in run_callbacks'
activesupport (7.0.3) lib/active_support/callbacks.rb:138:in `run_callbacks'
actionpack (7.0.3) lib/abstract_controller/callbacks.rb:233:in `process_action'
actionpack (7.0.3) lib/action_controller/metal/rescue.rb:22:in `process_action'
actionpack (7.0.3) lib/action_controller/metal/instrumentation.rb:67:in `block in process_action'
activesupport (7.0.3) lib/active_support/notifications.rb:206:in `block in instrument'
activesupport (7.0.3) lib/active_support/notifications/instrumenter.rb:24:in `instrument'
activesupport (7.0.3) lib/active_support/notifications.rb:206:in `instrument'
actionpack (7.0.3) lib/action_controller/metal/instrumentation.rb:66:in `process_action'
actionpack (7.0.3) lib/action_controller/metal/params_wrapper.rb:259:in `process_action'
activerecord (7.0.3) lib/active_record/railties/controller_runtime.rb:27:in `process_action'
actionpack (7.0.3) lib/abstract_controller/base.rb:151:in `process'
actionview (7.0.3) lib/action_view/rendering.rb:39:in `process'
actionpack (7.0.3) lib/action_controller/metal.rb:188:in `dispatch'
actionpack (7.0.3) lib/action_controller/metal.rb:251:in `dispatch'
actionpack (7.0.3) lib/action_dispatch/routing/route_set.rb:49:in `dispatch'
actionpack (7.0.3) lib/action_dispatch/routing/route_set.rb:32:in `serve'
actionpack (7.0.3) lib/action_dispatch/journey/router.rb:50:in `block in serve'
actionpack (7.0.3) lib/action_dispatch/journey/router.rb:32:in `each'
actionpack (7.0.3) lib/action_dispatch/journey/router.rb:32:in `serve'
actionpack (7.0.3) lib/action_dispatch/routing/route_set.rb:852:in `call'
rack (2.2.3.1) lib/rack/tempfile_reaper.rb:15:in `call'
rack (2.2.3.1) lib/rack/etag.rb:27:in `call'
rack (2.2.3.1) lib/rack/conditional_get.rb:27:in `call'
rack (2.2.3.1) lib/rack/head.rb:12:in `call'
actionpack (7.0.3) lib/action_dispatch/http/permissions_policy.rb:38:in `call'
actionpack (7.0.3) lib/action_dispatch/http/content_security_policy.rb:36:in `call'
rack (2.2.3.1) lib/rack/session/abstract/id.rb:266:in `context'
rack (2.2.3.1) lib/rack/session/abstract/id.rb:260:in `call'
actionpack (7.0.3) lib/action_dispatch/middleware/cookies.rb:697:in `call'
activerecord (7.0.3) lib/active_record/migration.rb:603:in `call'
actionpack (7.0.3) lib/action_dispatch/middleware/callbacks.rb:27:in `block in call'
activesupport (7.0.3) lib/active_support/callbacks.rb:99:in `run_callbacks'
actionpack (7.0.3) lib/action_dispatch/middleware/callbacks.rb:26:in `call'
actionpack (7.0.3) lib/action_dispatch/middleware/executor.rb:14:in `call'
actionpack (7.0.3) lib/action_dispatch/middleware/actionable_exceptions.rb:17:in `call'
actionpack (7.0.3) lib/action_dispatch/middleware/debug_exceptions.rb:28:in `call'
web-console (4.2.0) lib/web_console/middleware.rb:132:in `call_app'
web-console (4.2.0) lib/web_console/middleware.rb:28:in `block in call'
web-console (4.2.0) lib/web_console/middleware.rb:17:in `catch'
web-console (4.2.0) lib/web_console/middleware.rb:17:in `call'
actionpack (7.0.3) lib/action_dispatch/middleware/show_exceptions.rb:26:in `call'
railties (7.0.3) lib/rails/rack/logger.rb:40:in `call_app'
railties (7.0.3) lib/rails/rack/logger.rb:25:in `block in call'
activesupport (7.0.3) lib/active_support/tagged_logging.rb:114:in `block in tagged'
activesupport (7.0.3) lib/active_support/tagged_logging.rb:38:in `tagged'
activesupport (7.0.3) lib/active_support/tagged_logging.rb:114:in `tagged'
railties (7.0.3) lib/rails/rack/logger.rb:25:in `call'
sprockets-rails (3.4.2) lib/sprockets/rails/quiet_assets.rb:13:in `call'
actionpack (7.0.3) lib/action_dispatch/middleware/remote_ip.rb:93:in `call'
actionpack (7.0.3) lib/action_dispatch/middleware/request_id.rb:26:in `call'
rack (2.2.3.1) lib/rack/method_override.rb:24:in `call'
rack (2.2.3.1) lib/rack/runtime.rb:22:in `call'
activesupport (7.0.3) lib/active_support/cache/strategy/local_cache_middleware.rb:29:in `call'
actionpack (7.0.3) lib/action_dispatch/middleware/server_timing.rb:20:in `call'
actionpack (7.0.3) lib/action_dispatch/middleware/executor.rb:14:in `call'
actionpack (7.0.3) lib/action_dispatch/middleware/static.rb:23:in `call'
rack (2.2.3.1) lib/rack/sendfile.rb:110:in `call'
actionpack (7.0.3) lib/action_dispatch/middleware/host_authorization.rb:137:in `call'
railties (7.0.3) lib/rails/engine.rb:530:in `call'
puma (5.6.4) lib/puma/configuration.rb:252:in `call'
puma (5.6.4) lib/puma/request.rb:77:in `block in handle_request'
puma (5.6.4) lib/puma/thread_pool.rb:340:in `with_force_shutdown'
puma (5.6.4) lib/puma/request.rb:76:in `handle_request'
puma (5.6.4) lib/puma/server.rb:441:in `process_client'
puma (5.6.4) lib/puma/thread_pool.rb:147:in `block in spawn_thread'
Started GET "/" for 127.0.0.1 at 2022-06-24 18:57:54 +0200
Processing by BooksController#index as HTML
  Rendering layout layouts/application.html.erb
  Rendering books/index.html.erb within layouts/application
  [1m[36mBook Load (0.4ms)[0m  [1m[34mSELECT "books".* FROM "books"[0m
  ↳ app/views/books/index.html.erb:12
  Rendered books/index.html.erb within layouts/application (Duration: 5.6ms | Allocations: 690)
  Rendered layout layouts/application.html.erb (Duration: 14.5ms | Allocations: 3241)
Completed 200 OK in 17ms (Views: 15.0ms | ActiveRecord: 0.4ms | Allocations: 3609)


Started GET "/" for 127.0.0.1 at 2022-06-24 19:03:23 +0200
Processing by BooksController#index as HTML
  Rendering layout layouts/application.html.erb
  Rendering books/index.html.erb within layouts/application
  [1m[36mBook Load (0.4ms)[0m  [1m[34mSELECT "books".* FROM "books"[0m
  ↳ app/views/books/index.html.erb:14
  Rendered books/index.html.erb within layouts/application (Duration: 5.9ms | Allocations: 1093)
  Rendered layout layouts/application.html.erb (Duration: 12.5ms | Allocations: 3937)
Completed 200 OK in 18ms (Views: 16.1ms | ActiveRecord: 0.4ms | Allocations: 5071)


Started GET "/books/1" for 127.0.0.1 at 2022-06-24 19:03:26 +0200
Processing by BooksController#show as HTML
  Parameters: {"id"=>"1"}
  [1m[36mBook Load (0.5ms)[0m  [1m[34mSELECT "books".* FROM "books" WHERE "books"."id" = $1 LIMIT $2[0m  [["id", 1], ["LIMIT", 1]]
  ↳ app/controllers/books_controller.rb:8:in `show'
  Rendering layout layouts/application.html.erb
  Rendering books/show.html.erb within layouts/application
  Rendered books/show.html.erb within layouts/application (Duration: 13.5ms | Allocations: 4380)
  Rendered layout layouts/application.html.erb (Duration: 14.5ms | Allocations: 4462)
Completed 500 Internal Server Error in 29ms (ActiveRecord: 0.5ms | Allocations: 5365)


  
ActionView::Template::Error (undefined local variable or method `book' for #<ActionView::Base:0x0000000001f2c0>
Did you mean?  @book):
    1: <h3> <%= book.name %> </h3>
    2: 
    3: <p> <%= book.isbn %> </p>
    4: 
  
app/views/books/show.html.erb:1
Started GET "/books/1" for 127.0.0.1 at 2022-06-24 19:03:40 +0200
Processing by BooksController#show as HTML
  Parameters: {"id"=>"1"}
  [1m[36mBook Load (0.5ms)[0m  [1m[34mSELECT "books".* FROM "books" WHERE "books"."id" = $1 LIMIT $2[0m  [["id", 1], ["LIMIT", 1]]
  ↳ app/controllers/books_controller.rb:8:in `show'
  Rendering layout layouts/application.html.erb
  Rendering books/show.html.erb within layouts/application
  Rendered books/show.html.erb within layouts/application (Duration: 0.9ms | Allocations: 208)
  Rendered layout layouts/application.html.erb (Duration: 8.2ms | Allocations: 3067)
Completed 200 OK in 19ms (Views: 11.6ms | ActiveRecord: 0.5ms | Allocations: 4703)


Started GET "/books/1" for 127.0.0.1 at 2022-06-24 19:04:03 +0200
Processing by BooksController#show as HTML
  Parameters: {"id"=>"1"}
  [1m[36mBook Load (0.3ms)[0m  [1m[34mSELECT "books".* FROM "books" WHERE "books"."id" = $1 LIMIT $2[0m  [["id", 1], ["LIMIT", 1]]
  ↳ app/controllers/books_controller.rb:8:in `show'
  Rendering layout layouts/application.html.erb
  Rendering books/show.html.erb within layouts/application
  Rendered books/show.html.erb within layouts/application (Duration: 1.4ms | Allocations: 1165)
  Rendered layout layouts/application.html.erb (Duration: 1.9ms | Allocations: 1254)
Completed 500 Internal Server Error in 10ms (ActiveRecord: 0.3ms | Allocations: 2940)


  
ActionView::SyntaxErrorInTemplate (Encountered a syntax error while rendering template: check <h3> <%= @book.isbn : @book.name %> </h3>


<hr/>

<p> <%= @book.description %> </p>
):
1:    <h3> <%= @book.isbn : @book.name %> </h3>
2:    
3:    
4:    <hr/>
5:    
6:    <p> <%= @book.description %> </p>
  
app/views/books/show.html.erb:1: syntax error, unexpected ':'
app/views/books/show.html.erb:1: syntax error, unexpected ':'
app/views/books/show.html.erb:1: syntax error, unexpected ':'
app/views/books/show.html.erb:1: syntax error, unexpected ':'
app/views/books/show.html.erb:1: syntax error, unexpected ':'
app/views/books/show.html.erb:1: syntax error, unexpected ':'
Started GET "/books/1" for 127.0.0.1 at 2022-06-24 19:04:34 +0200
Processing by BooksController#show as HTML
  Parameters: {"id"=>"1"}
  [1m[36mBook Load (0.3ms)[0m  [1m[34mSELECT "books".* FROM "books" WHERE "books"."id" = $1 LIMIT $2[0m  [["id", 1], ["LIMIT", 1]]
  ↳ app/controllers/books_controller.rb:8:in `show'
  Rendering layout layouts/application.html.erb
  Rendering books/show.html.erb within layouts/application
  Rendered books/show.html.erb within layouts/application (Duration: 1.7ms | Allocations: 1172)
  Rendered layout layouts/application.html.erb (Duration: 2.2ms | Allocations: 1261)
Completed 500 Internal Server Error in 9ms (ActiveRecord: 0.3ms | Allocations: 2940)


  
ActionView::SyntaxErrorInTemplate (Encountered a syntax error while rendering template: check <h3> <%= @book.isbn </h3>
<h3> : @book.name %> </h3>


<hr/>

<p> <%= @book.description %> </p>
):
1:    <h3> <%= @book.isbn </h3>
2:    <h3> : @book.name %> </h3>
3:    
4:    
5:    <hr/>
6:    
7:    <p> <%= @book.description %> </p>
  
app/views/books/show.html.erb:2: unknown regexp option - h
app/views/books/show.html.erb:2: unmatched close parenthesis: /h3>
app/views/books/show.html.erb:2: syntax error, unexpected integer literal, expecting ')'
app/views/books/show.html.erb:9: unterminated regexp meets end of file
app/views/books/show.html.erb:9: syntax error, unexpected end-of-input, expecting ')'
app/views/books/show.html.erb:2: unknown regexp option - h
app/views/books/show.html.erb:2: unmatched close parenthesis: /h3>
app/views/books/show.html.erb:2: syntax error, unexpected integer literal, expecting ')'
app/views/books/show.html.erb:9: unterminated regexp meets end of file
app/views/books/show.html.erb:9: syntax error, unexpected end-of-input, expecting ')'
app/views/books/show.html.erb:2: unknown regexp option - h
app/views/books/show.html.erb:2: unmatched close parenthesis: /h3>
app/views/books/show.html.erb:2: syntax error, unexpected integer literal, expecting ')'
app/views/books/show.html.erb:9: unterminated regexp meets end of file
app/views/books/show.html.erb:9: syntax error, unexpected end-of-input, expecting ')'
app/views/books/show.html.erb:2: unknown regexp option - h
app/views/books/show.html.erb:2: unmatched close parenthesis: /h3>
app/views/books/show.html.erb:2: syntax error, unexpected integer literal, expecting ')'
app/views/books/show.html.erb:9: unterminated regexp meets end of file
app/views/books/show.html.erb:9: syntax error, unexpected end-of-input, expecting ')'
app/views/books/show.html.erb:2: unknown regexp option - h
app/views/books/show.html.erb:2: unmatched close parenthesis: /h3>
app/views/books/show.html.erb:2: syntax error, unexpected integer literal, expecting ')'
app/views/books/show.html.erb:9: unterminated regexp meets end of file
app/views/books/show.html.erb:9: syntax error, unexpected end-of-input, expecting ')'
app/views/books/show.html.erb:2: unknown regexp option - h
app/views/books/show.html.erb:2: unmatched close parenthesis: /h3>
app/views/books/show.html.erb:2: syntax error, unexpected integer literal, expecting ')'
app/views/books/show.html.erb:9: unterminated regexp meets end of file
app/views/books/show.html.erb:9: syntax error, unexpected end-of-input, expecting ')'
Started GET "/books/1" for 127.0.0.1 at 2022-06-24 19:04:41 +0200
Processing by BooksController#show as HTML
  Parameters: {"id"=>"1"}
  [1m[36mBook Load (0.5ms)[0m  [1m[34mSELECT "books".* FROM "books" WHERE "books"."id" = $1 LIMIT $2[0m  [["id", 1], ["LIMIT", 1]]
  ↳ app/controllers/books_controller.rb:8:in `show'
  Rendering layout layouts/application.html.erb
  Rendering books/show.html.erb within layouts/application
  Rendered books/show.html.erb within layouts/application (Duration: 2.0ms | Allocations: 1174)
  Rendered layout layouts/application.html.erb (Duration: 3.3ms | Allocations: 1263)
Completed 500 Internal Server Error in 14ms (ActiveRecord: 0.5ms | Allocations: 2942)


  
ActionView::SyntaxErrorInTemplate (Encountered a syntax error while rendering template: check <h3> <%= @book.isbn </h3>
<h3> @book.name %> </h3>


<hr/>

<p> <%= @book.description %> </p>
):
1:    <h3> <%= @book.isbn </h3>
2:    <h3> @book.name %> </h3>
3:    
4:    
5:    <hr/>
6:    
7:    <p> <%= @book.description %> </p>
  
app/views/books/show.html.erb:2: unknown regexp option - h
app/views/books/show.html.erb:2: unmatched close parenthesis: /h3>
app/views/books/show.html.erb:2: syntax error, unexpected integer literal, expecting ')'
app/views/books/show.html.erb:9: unterminated regexp meets end of file
app/views/books/show.html.erb:9: syntax error, unexpected end-of-input, expecting ')'
app/views/books/show.html.erb:2: unknown regexp option - h
app/views/books/show.html.erb:2: unmatched close parenthesis: /h3>
app/views/books/show.html.erb:2: syntax error, unexpected integer literal, expecting ')'
app/views/books/show.html.erb:9: unterminated regexp meets end of file
app/views/books/show.html.erb:9: syntax error, unexpected end-of-input, expecting ')'
app/views/books/show.html.erb:2: unknown regexp option - h
app/views/books/show.html.erb:2: unmatched close parenthesis: /h3>
app/views/books/show.html.erb:2: syntax error, unexpected integer literal, expecting ')'
app/views/books/show.html.erb:9: unterminated regexp meets end of file
app/views/books/show.html.erb:9: syntax error, unexpected end-of-input, expecting ')'
app/views/books/show.html.erb:2: unknown regexp option - h
app/views/books/show.html.erb:2: unmatched close parenthesis: /h3>
app/views/books/show.html.erb:2: syntax error, unexpected integer literal, expecting ')'
app/views/books/show.html.erb:9: unterminated regexp meets end of file
app/views/books/show.html.erb:9: syntax error, unexpected end-of-input, expecting ')'
app/views/books/show.html.erb:2: unknown regexp option - h
app/views/books/show.html.erb:2: unmatched close parenthesis: /h3>
app/views/books/show.html.erb:2: syntax error, unexpected integer literal, expecting ')'
app/views/books/show.html.erb:9: unterminated regexp meets end of file
app/views/books/show.html.erb:9: syntax error, unexpected end-of-input, expecting ')'
app/views/books/show.html.erb:2: unknown regexp option - h
app/views/books/show.html.erb:2: unmatched close parenthesis: /h3>
app/views/books/show.html.erb:2: syntax error, unexpected integer literal, expecting ')'
app/views/books/show.html.erb:9: unterminated regexp meets end of file
app/views/books/show.html.erb:9: syntax error, unexpected end-of-input, expecting ')'
Started GET "/books/1" for 127.0.0.1 at 2022-06-24 19:05:02 +0200
Processing by BooksController#show as HTML
  Parameters: {"id"=>"1"}
  [1m[36mBook Load (1.2ms)[0m  [1m[34mSELECT "books".* FROM "books" WHERE "books"."id" = $1 LIMIT $2[0m  [["id", 1], ["LIMIT", 1]]
  ↳ app/controllers/books_controller.rb:8:in `show'
  Rendering layout layouts/application.html.erb
  Rendering books/show.html.erb within layouts/application
  Rendered books/show.html.erb within layouts/application (Duration: 1.9ms | Allocations: 207)
  Rendered layout layouts/application.html.erb (Duration: 15.7ms | Allocations: 3069)
Completed 200 OK in 38ms (Views: 22.5ms | ActiveRecord: 1.2ms | Allocations: 4788)


Started GET "/books/1" for 127.0.0.1 at 2022-06-24 19:05:24 +0200
Processing by BooksController#show as HTML
  Parameters: {"id"=>"1"}
  [1m[36mBook Load (0.3ms)[0m  [1m[34mSELECT "books".* FROM "books" WHERE "books"."id" = $1 LIMIT $2[0m  [["id", 1], ["LIMIT", 1]]
  ↳ app/controllers/books_controller.rb:8:in `show'
  Rendering layout layouts/application.html.erb
  Rendering books/show.html.erb within layouts/application
  Rendered books/show.html.erb within layouts/application (Duration: 1.2ms | Allocations: 202)
  Rendered layout layouts/application.html.erb (Duration: 11.6ms | Allocations: 3054)
Completed 200 OK in 20ms (Views: 14.9ms | ActiveRecord: 0.3ms | Allocations: 4779)


Started GET "/books/1" for 127.0.0.1 at 2022-06-24 19:06:22 +0200
Processing by BooksController#show as HTML
  Parameters: {"id"=>"1"}
  [1m[36mBook Load (0.5ms)[0m  [1m[34mSELECT "books".* FROM "books" WHERE "books"."id" = $1 LIMIT $2[0m  [["id", 1], ["LIMIT", 1]]
  ↳ app/controllers/books_controller.rb:8:in `show'
  Rendering layout layouts/application.html.erb
  Rendering books/show.html.erb within layouts/application
  Rendered books/show.html.erb within layouts/application (Duration: 0.9ms | Allocations: 201)
  Rendered layout layouts/application.html.erb (Duration: 7.7ms | Allocations: 3044)
Completed 200 OK in 16ms (Views: 10.6ms | ActiveRecord: 0.5ms | Allocations: 4769)


Started GET "/" for 127.0.0.1 at 2022-06-24 19:06:24 +0200
Processing by BooksController#index as HTML
  Rendering layout layouts/application.html.erb
  Rendering books/index.html.erb within layouts/application
  [1m[36mBook Load (0.2ms)[0m  [1m[34mSELECT "books".* FROM "books"[0m
  ↳ app/views/books/index.html.erb:14
  Rendered books/index.html.erb within layouts/application (Duration: 3.3ms | Allocations: 1005)
  Rendered layout layouts/application.html.erb (Duration: 8.4ms | Allocations: 3372)
Completed 200 OK in 10ms (Views: 8.9ms | ActiveRecord: 0.2ms | Allocations: 3785)


Started GET "/books/new" for 127.0.0.1 at 2022-06-24 19:06:25 +0200
Processing by BooksController#new as HTML
Completed 406 Not Acceptable in 3ms (ActiveRecord: 0.0ms | Allocations: 767)


  
ActionController::MissingExactTemplate (BooksController#new is missing a template for request formats: text/html):
  
actionpack (7.0.3) lib/action_controller/metal/implicit_render.rb:45:in `default_render'
actionpack (7.0.3) lib/action_controller/metal/basic_implicit_render.rb:6:in `block in send_action'
<internal:kernel>:90:in `tap'
actionpack (7.0.3) lib/action_controller/metal/basic_implicit_render.rb:6:in `send_action'
actionpack (7.0.3) lib/abstract_controller/base.rb:215:in `process_action'
actionpack (7.0.3) lib/action_controller/metal/rendering.rb:53:in `process_action'
actionpack (7.0.3) lib/abstract_controller/callbacks.rb:234:in `block in process_action'
activesupport (7.0.3) lib/active_support/callbacks.rb:118:in `block in run_callbacks'
actiontext (7.0.3) lib/action_text/rendering.rb:20:in `with_renderer'
actiontext (7.0.3) lib/action_text/engine.rb:69:in `block (4 levels) in <class:Engine>'
activesupport (7.0.3) lib/active_support/callbacks.rb:127:in `instance_exec'
activesupport (7.0.3) lib/active_support/callbacks.rb:127:in `block in run_callbacks'
activesupport (7.0.3) lib/active_support/callbacks.rb:138:in `run_callbacks'
actionpack (7.0.3) lib/abstract_controller/callbacks.rb:233:in `process_action'
actionpack (7.0.3) lib/action_controller/metal/rescue.rb:22:in `process_action'
actionpack (7.0.3) lib/action_controller/metal/instrumentation.rb:67:in `block in process_action'
activesupport (7.0.3) lib/active_support/notifications.rb:206:in `block in instrument'
activesupport (7.0.3) lib/active_support/notifications/instrumenter.rb:24:in `instrument'
activesupport (7.0.3) lib/active_support/notifications.rb:206:in `instrument'
actionpack (7.0.3) lib/action_controller/metal/instrumentation.rb:66:in `process_action'
actionpack (7.0.3) lib/action_controller/metal/params_wrapper.rb:259:in `process_action'
activerecord (7.0.3) lib/active_record/railties/controller_runtime.rb:27:in `process_action'
actionpack (7.0.3) lib/abstract_controller/base.rb:151:in `process'
actionview (7.0.3) lib/action_view/rendering.rb:39:in `process'
actionpack (7.0.3) lib/action_controller/metal.rb:188:in `dispatch'
actionpack (7.0.3) lib/action_controller/metal.rb:251:in `dispatch'
actionpack (7.0.3) lib/action_dispatch/routing/route_set.rb:49:in `dispatch'
actionpack (7.0.3) lib/action_dispatch/routing/route_set.rb:32:in `serve'
actionpack (7.0.3) lib/action_dispatch/journey/router.rb:50:in `block in serve'
actionpack (7.0.3) lib/action_dispatch/journey/router.rb:32:in `each'
actionpack (7.0.3) lib/action_dispatch/journey/router.rb:32:in `serve'
actionpack (7.0.3) lib/action_dispatch/routing/route_set.rb:852:in `call'
rack (2.2.3.1) lib/rack/tempfile_reaper.rb:15:in `call'
rack (2.2.3.1) lib/rack/etag.rb:27:in `call'
rack (2.2.3.1) lib/rack/conditional_get.rb:27:in `call'
rack (2.2.3.1) lib/rack/head.rb:12:in `call'
actionpack (7.0.3) lib/action_dispatch/http/permissions_policy.rb:38:in `call'
actionpack (7.0.3) lib/action_dispatch/http/content_security_policy.rb:36:in `call'
rack (2.2.3.1) lib/rack/session/abstract/id.rb:266:in `context'
rack (2.2.3.1) lib/rack/session/abstract/id.rb:260:in `call'
actionpack (7.0.3) lib/action_dispatch/middleware/cookies.rb:697:in `call'
activerecord (7.0.3) lib/active_record/migration.rb:603:in `call'
actionpack (7.0.3) lib/action_dispatch/middleware/callbacks.rb:27:in `block in call'
activesupport (7.0.3) lib/active_support/callbacks.rb:99:in `run_callbacks'
actionpack (7.0.3) lib/action_dispatch/middleware/callbacks.rb:26:in `call'
actionpack (7.0.3) lib/action_dispatch/middleware/executor.rb:14:in `call'
actionpack (7.0.3) lib/action_dispatch/middleware/actionable_exceptions.rb:17:in `call'
actionpack (7.0.3) lib/action_dispatch/middleware/debug_exceptions.rb:28:in `call'
web-console (4.2.0) lib/web_console/middleware.rb:132:in `call_app'
web-console (4.2.0) lib/web_console/middleware.rb:28:in `block in call'
web-console (4.2.0) lib/web_console/middleware.rb:17:in `catch'
web-console (4.2.0) lib/web_console/middleware.rb:17:in `call'
actionpack (7.0.3) lib/action_dispatch/middleware/show_exceptions.rb:26:in `call'
railties (7.0.3) lib/rails/rack/logger.rb:40:in `call_app'
railties (7.0.3) lib/rails/rack/logger.rb:25:in `block in call'
activesupport (7.0.3) lib/active_support/tagged_logging.rb:114:in `block in tagged'
activesupport (7.0.3) lib/active_support/tagged_logging.rb:38:in `tagged'
activesupport (7.0.3) lib/active_support/tagged_logging.rb:114:in `tagged'
railties (7.0.3) lib/rails/rack/logger.rb:25:in `call'
sprockets-rails (3.4.2) lib/sprockets/rails/quiet_assets.rb:13:in `call'
actionpack (7.0.3) lib/action_dispatch/middleware/remote_ip.rb:93:in `call'
actionpack (7.0.3) lib/action_dispatch/middleware/request_id.rb:26:in `call'
rack (2.2.3.1) lib/rack/method_override.rb:24:in `call'
rack (2.2.3.1) lib/rack/runtime.rb:22:in `call'
activesupport (7.0.3) lib/active_support/cache/strategy/local_cache_middleware.rb:29:in `call'
actionpack (7.0.3) lib/action_dispatch/middleware/server_timing.rb:20:in `call'
actionpack (7.0.3) lib/action_dispatch/middleware/executor.rb:14:in `call'
actionpack (7.0.3) lib/action_dispatch/middleware/static.rb:23:in `call'
rack (2.2.3.1) lib/rack/sendfile.rb:110:in `call'
actionpack (7.0.3) lib/action_dispatch/middleware/host_authorization.rb:137:in `call'
railties (7.0.3) lib/rails/engine.rb:530:in `call'
puma (5.6.4) lib/puma/configuration.rb:252:in `call'
puma (5.6.4) lib/puma/request.rb:77:in `block in handle_request'
puma (5.6.4) lib/puma/thread_pool.rb:340:in `with_force_shutdown'
puma (5.6.4) lib/puma/request.rb:76:in `handle_request'
puma (5.6.4) lib/puma/server.rb:441:in `process_client'
puma (5.6.4) lib/puma/thread_pool.rb:147:in `block in spawn_thread'
Started GET "/books/new" for 127.0.0.1 at 2022-06-24 19:07:22 +0200
Processing by BooksController#new as HTML
  Rendering layout layouts/application.html.erb
  Rendering books/new.html.erb within layouts/application
  Rendered books/new.html.erb within layouts/application (Duration: 5.3ms | Allocations: 2518)
  Rendered layout layouts/application.html.erb (Duration: 5.8ms | Allocations: 2606)
Completed 500 Internal Server Error in 11ms (ActiveRecord: 0.0ms | Allocations: 3713)


  
ActionView::Template::Error (Missing partial books/_form, application/_form with {:locale=>[:en], :formats=>[:html], :variants=>[], :handlers=>[:raw, :erb, :html, :builder, :ruby, :jbuilder]}.

Searched in:
  * "/run/media/private/Data/ITI_Material/Ruby/BookStore/app/views"
  * "/home/private/.local/share/gem/ruby/3.0.0/gems/actiontext-7.0.3/app/views"
  * "/home/private/.local/share/gem/ruby/3.0.0/gems/actionmailbox-7.0.3/app/views"

Did you mean?  action_text/attachables/remote_image
               action_text/contents/content
               active_storage/blobs/blob
               layouts/action_text/contents/content
               action_text/attachables/missing_attachable
               action_text/attachment_galleries/attachment_gallery):
    1: <h1>New Book </h1>
    2: 
    3: <%= render "form", book: @book %>
  
app/views/books/new.html.erb:3
Started GET "/books/new" for 127.0.0.1 at 2022-06-24 19:27:24 +0200
Processing by BooksController#new as HTML
  Rendering layout layouts/application.html.erb
  Rendering books/new.html.erb within layouts/application
  Rendered books/_form.html.erb (Duration: 27.7ms | Allocations: 13767)
  Rendered books/new.html.erb within layouts/application (Duration: 30.7ms | Allocations: 14071)
  Rendered layout layouts/application.html.erb (Duration: 31.6ms | Allocations: 14159)
Completed 500 Internal Server Error in 44ms (Allocations: 15281)


  
ActionView::Template::Error (undefined method `errors' for nil:NilClass):
    2:   <div>
    3:      <%= form.label :isbn %> <br>
    4:      <%= form.text_field :isbn %> <br>
    5:      <% @article.errors.full_messages_for(:isbn).each do |message| %>
    6:       <div> <%= message %></div>
    7:      <% end %>
    8:   </div>
  
app/views/books/_form.html.erb:5
app/views/books/_form.html.erb:1
app/views/books/new.html.erb:3
Started GET "/books/new" for 127.0.0.1 at 2022-06-24 19:28:18 +0200
Processing by BooksController#new as HTML
  Rendering layout layouts/application.html.erb
  Rendering books/new.html.erb within layouts/application
  Rendered books/_form.html.erb (Duration: 4.0ms | Allocations: 2019)
  Rendered books/new.html.erb within layouts/application (Duration: 5.7ms | Allocations: 2308)
  Rendered layout layouts/application.html.erb (Duration: 12.0ms | Allocations: 4912)
Completed 200 OK in 19ms (Views: 16.3ms | Allocations: 6071)


Started POST "/books" for 127.0.0.1 at 2022-06-24 19:28:33 +0200
Processing by BooksController#create as TURBO_STREAM
  Parameters: {"authenticity_token"=>"[FILTERED]", "book"=>{"isbn"=>"34", "name"=>"hello", "description"=>"hello desc"}, "commit"=>"Create Book"}
Completed 500 Internal Server Error in 15ms (Allocations: 3493)


  
NameError (undefined local variable or method `book_params' for #<BooksController:0x00000000020d50>
Did you mean?  book_path):
  
app/controllers/books_controller.rb:16:in `create'
Started GET "/" for 127.0.0.1 at 2022-06-24 19:30:53 +0200
Processing by BooksController#index as HTML
  Rendering layout layouts/application.html.erb
  Rendering books/index.html.erb within layouts/application
  [1m[36mBook Load (0.5ms)[0m  [1m[34mSELECT "books".* FROM "books"[0m
  ↳ app/views/books/index.html.erb:14
  Rendered books/index.html.erb within layouts/application (Duration: 18.6ms | Allocations: 5679)
  Rendered layout layouts/application.html.erb (Duration: 38.7ms | Allocations: 19758)
Completed 200 OK in 44ms (Views: 40.3ms | ActiveRecord: 7.0ms | Allocations: 21420)


Started GET "/" for 127.0.0.1 at 2022-06-24 19:30:53 +0200
Processing by BooksController#index as HTML
  Rendering layout layouts/application.html.erb
  Rendering books/index.html.erb within layouts/application
  [1m[36mBook Load (0.3ms)[0m  [1m[34mSELECT "books".* FROM "books"[0m
  ↳ app/views/books/index.html.erb:14
  Rendered books/index.html.erb within layouts/application (Duration: 2.2ms | Allocations: 673)
  Rendered layout layouts/application.html.erb (Duration: 11.2ms | Allocations: 3039)
Completed 200 OK in 13ms (Views: 11.6ms | ActiveRecord: 0.3ms | Allocations: 3396)


Started GET "/books/new" for 127.0.0.1 at 2022-06-24 19:30:55 +0200
Processing by BooksController#new as HTML
  Rendering layout layouts/application.html.erb
  Rendering books/new.html.erb within layouts/application
  Rendered books/_form.html.erb (Duration: 3.9ms | Allocations: 2622)
  Rendered books/new.html.erb within layouts/application (Duration: 4.5ms | Allocations: 2707)
  Rendered layout layouts/application.html.erb (Duration: 4.9ms | Allocations: 2789)
Completed 500 Internal Server Error in 8ms (ActiveRecord: 0.0ms | Allocations: 3088)


  
ActionView::Template::Error (undefined method `errors' for nil:NilClass):
    2:   <div>
    3:      <%= form.label :isbn %> <br>
    4:      <%= form.text_field :isbn %> <br>
    5:      <% @book.errors.full_messages_for(:isbn).each do |message| %>
    6:       <div> <%= message %></div>
    7:      <% end %>
    8:   </div>
  
app/views/books/_form.html.erb:5
app/views/books/_form.html.erb:1
app/views/books/new.html.erb:3
Started GET "/books/new" for 127.0.0.1 at 2022-06-24 19:31:34 +0200
Processing by BooksController#new as HTML
  Rendering layout layouts/application.html.erb
  Rendering books/new.html.erb within layouts/application
  Rendered books/_form.html.erb (Duration: 3.9ms | Allocations: 1497)
  Rendered books/new.html.erb within layouts/application (Duration: 4.6ms | Allocations: 1583)
  Rendered layout layouts/application.html.erb (Duration: 40.2ms | Allocations: 15407)
Completed 200 OK in 59ms (Views: 42.3ms | ActiveRecord: 6.5ms | Allocations: 18640)


Started POST "/books" for 127.0.0.1 at 2022-06-24 19:31:43 +0200
Processing by BooksController#create as TURBO_STREAM
  Parameters: {"authenticity_token"=>"[FILTERED]", "book"=>{"isbn"=>"34", "name"=>"hello", "description"=>"hello desc"}, "commit"=>"Create Book"}
  [1m[36mTRANSACTION (0.4ms)[0m  [1m[35mBEGIN[0m
  ↳ app/controllers/books_controller.rb:17:in `create'
  [1m[36mBook Create (0.7ms)[0m  [1m[32mINSERT INTO "books" ("isbn", "name", "description", "created_at", "updated_at") VALUES ($1, $2, $3, $4, $5) RETURNING "id"[0m  [["isbn", 34], ["name", "hello"], ["description", "hello desc"], ["created_at", "2022-06-24 17:31:43.391832"], ["updated_at", "2022-06-24 17:31:43.391832"]]
  ↳ app/controllers/books_controller.rb:17:in `create'
  [1m[36mTRANSACTION (2.8ms)[0m  [1m[35mCOMMIT[0m
  ↳ app/controllers/books_controller.rb:17:in `create'
Redirected to http://127.0.0.1:3000/books/2
Completed 302 Found in 16ms (ActiveRecord: 3.8ms | Allocations: 3635)


Started GET "/books/2" for 127.0.0.1 at 2022-06-24 19:31:43 +0200
Processing by BooksController#show as TURBO_STREAM
  Parameters: {"id"=>"2"}
  [1m[36mBook Load (0.2ms)[0m  [1m[34mSELECT "books".* FROM "books" WHERE "books"."id" = $1 LIMIT $2[0m  [["id", 2], ["LIMIT", 1]]
  ↳ app/controllers/books_controller.rb:8:in `show'
  Rendering layout layouts/application.html.erb
  Rendering books/show.html.erb within layouts/application
  Rendered books/show.html.erb within layouts/application (Duration: 1.2ms | Allocations: 193)
  Rendered layout layouts/application.html.erb (Duration: 6.7ms | Allocations: 2558)
Completed 200 OK in 12ms (Views: 7.5ms | ActiveRecord: 0.4ms | Allocations: 4278)


Started GET "/" for 127.0.0.1 at 2022-06-24 19:31:51 +0200
Processing by BooksController#index as HTML
  Rendering layout layouts/application.html.erb
  Rendering books/index.html.erb within layouts/application
  [1m[36mBook Load (0.5ms)[0m  [1m[34mSELECT "books".* FROM "books"[0m
  ↳ app/views/books/index.html.erb:14
  Rendered books/index.html.erb within layouts/application (Duration: 6.2ms | Allocations: 771)
  Rendered layout layouts/application.html.erb (Duration: 13.6ms | Allocations: 3140)
Completed 200 OK in 17ms (Views: 14.7ms | ActiveRecord: 0.5ms | Allocations: 3479)


Started GET "/books/2" for 127.0.0.1 at 2022-06-24 19:31:53 +0200
Processing by BooksController#show as HTML
  Parameters: {"id"=>"2"}
  [1m[36mBook Load (0.3ms)[0m  [1m[34mSELECT "books".* FROM "books" WHERE "books"."id" = $1 LIMIT $2[0m  [["id", 2], ["LIMIT", 1]]
  ↳ app/controllers/books_controller.rb:8:in `show'
  Rendering layout layouts/application.html.erb
  Rendering books/show.html.erb within layouts/application
  Rendered books/show.html.erb within layouts/application (Duration: 0.2ms | Allocations: 21)
  Rendered layout layouts/application.html.erb (Duration: 6.0ms | Allocations: 2398)
Completed 200 OK in 10ms (Views: 6.8ms | ActiveRecord: 0.3ms | Allocations: 3230)


Started GET "/books/1" for 127.0.0.1 at 2022-06-24 19:32:46 +0200
Processing by BooksController#show as HTML
  Parameters: {"id"=>"1"}
  [1m[36mBook Load (0.2ms)[0m  [1m[34mSELECT "books".* FROM "books" WHERE "books"."id" = $1 LIMIT $2[0m  [["id", 1], ["LIMIT", 1]]
  ↳ app/controllers/books_controller.rb:8:in `show'
  Rendering layout layouts/application.html.erb
  Rendering books/show.html.erb within layouts/application
  Rendered books/show.html.erb within layouts/application (Duration: 6.2ms | Allocations: 4416)
  Rendered layout layouts/application.html.erb (Duration: 6.7ms | Allocations: 4504)
Completed 500 Internal Server Error in 12ms (ActiveRecord: 0.2ms | Allocations: 6110)


  
ActionView::Template::Error (undefined local variable or method `books' for #<ActionView::Base:0x000000000295b8>
Did you mean?  @book):
    4: 
    5: <p> <%= @book.description %> </p>
    6: 
    7: <% link_to "back home", books%>
  
app/views/books/show.html.erb:7
Started GET "/" for 127.0.0.1 at 2022-06-24 19:32:54 +0200
Processing by BooksController#index as HTML
  Rendering layout layouts/application.html.erb
  Rendering books/index.html.erb within layouts/application
  [1m[36mBook Load (0.2ms)[0m  [1m[34mSELECT "books".* FROM "books"[0m
  ↳ app/views/books/index.html.erb:14
  Rendered books/index.html.erb within layouts/application (Duration: 5.9ms | Allocations: 1070)
  Rendered layout layouts/application.html.erb (Duration: 15.8ms | Allocations: 3840)
Completed 200 OK in 20ms (Views: 16.6ms | ActiveRecord: 0.2ms | Allocations: 4260)


Started GET "/books/1" for 127.0.0.1 at 2022-06-24 19:34:10 +0200
Processing by BooksController#show as HTML
  Parameters: {"id"=>"1"}
  [1m[36mBook Load (0.3ms)[0m  [1m[34mSELECT "books".* FROM "books" WHERE "books"."id" = $1 LIMIT $2[0m  [["id", 1], ["LIMIT", 1]]
  ↳ app/controllers/books_controller.rb:8:in `show'
  Rendering layout layouts/application.html.erb
  Rendering books/show.html.erb within layouts/application
  Rendered books/show.html.erb within layouts/application (Duration: 1.5ms | Allocations: 306)
  Rendered layout layouts/application.html.erb (Duration: 11.1ms | Allocations: 3106)
Completed 200 OK in 28ms (Views: 14.5ms | ActiveRecord: 0.3ms | Allocations: 4773)


Started GET "/books/2" for 127.0.0.1 at 2022-06-24 19:34:16 +0200
Processing by BooksController#show as HTML
  Parameters: {"id"=>"2"}
  [1m[36mBook Load (0.6ms)[0m  [1m[34mSELECT "books".* FROM "books" WHERE "books"."id" = $1 LIMIT $2[0m  [["id", 2], ["LIMIT", 1]]
  ↳ app/controllers/books_controller.rb:8:in `show'
  Rendering layout layouts/application.html.erb
  Rendering books/show.html.erb within layouts/application
  Rendered books/show.html.erb within layouts/application (Duration: 0.3ms | Allocations: 63)
  Rendered layout layouts/application.html.erb (Duration: 5.6ms | Allocations: 2418)
Completed 200 OK in 14ms (Views: 6.6ms | ActiveRecord: 0.6ms | Allocations: 3334)


Started GET "/books/1" for 127.0.0.1 at 2022-06-24 19:34:31 +0200
Processing by BooksController#show as HTML
  Parameters: {"id"=>"1"}
  [1m[36mBook Load (0.3ms)[0m  [1m[34mSELECT "books".* FROM "books" WHERE "books"."id" = $1 LIMIT $2[0m  [["id", 1], ["LIMIT", 1]]
  ↳ app/controllers/books_controller.rb:8:in `show'
  Rendering layout layouts/application.html.erb
  Rendering books/show.html.erb within layouts/application
  Rendered books/show.html.erb within layouts/application (Duration: 1.8ms | Allocations: 305)
  Rendered layout layouts/application.html.erb (Duration: 7.9ms | Allocations: 3135)
Completed 200 OK in 14ms (Views: 10.0ms | ActiveRecord: 0.3ms | Allocations: 4779)


Started GET "/books" for 127.0.0.1 at 2022-06-24 19:34:33 +0200
Processing by BooksController#index as HTML
  Rendering layout layouts/application.html.erb
  Rendering books/index.html.erb within layouts/application
  [1m[36mBook Load (0.2ms)[0m  [1m[34mSELECT "books".* FROM "books"[0m
  ↳ app/views/books/index.html.erb:14
  Rendered books/index.html.erb within layouts/application (Duration: 8.7ms | Allocations: 1035)
  Rendered layout layouts/application.html.erb (Duration: 13.5ms | Allocations: 3417)
Completed 200 OK in 16ms (Views: 14.1ms | ActiveRecord: 0.2ms | Allocations: 3830)


Started GET "/books/2" for 127.0.0.1 at 2022-06-24 19:34:34 +0200
Processing by BooksController#show as HTML
  Parameters: {"id"=>"2"}
  [1m[36mBook Load (0.2ms)[0m  [1m[34mSELECT "books".* FROM "books" WHERE "books"."id" = $1 LIMIT $2[0m  [["id", 2], ["LIMIT", 1]]
  ↳ app/controllers/books_controller.rb:8:in `show'
  Rendering layout layouts/application.html.erb
  Rendering books/show.html.erb within layouts/application
  Rendered books/show.html.erb within layouts/application (Duration: 0.3ms | Allocations: 63)
  Rendered layout layouts/application.html.erb (Duration: 5.0ms | Allocations: 2421)
Completed 200 OK in 8ms (Views: 5.7ms | ActiveRecord: 0.2ms | Allocations: 3281)


Started GET "/books" for 127.0.0.1 at 2022-06-24 19:34:34 +0200
Processing by BooksController#index as HTML
  Rendering layout layouts/application.html.erb
  Rendering books/index.html.erb within layouts/application
  [1m[36mBook Load (0.3ms)[0m  [1m[34mSELECT "books".* FROM "books"[0m
  ↳ app/views/books/index.html.erb:14
  Rendered books/index.html.erb within layouts/application (Duration: 7.8ms | Allocations: 722)
  Rendered layout layouts/application.html.erb (Duration: 14.7ms | Allocations: 3088)
Completed 200 OK in 18ms (Views: 15.5ms | ActiveRecord: 0.3ms | Allocations: 3427)


Started GET "/books/1" for 127.0.0.1 at 2022-06-24 19:34:35 +0200
Processing by BooksController#show as HTML
  Parameters: {"id"=>"1"}
  [1m[36mBook Load (0.2ms)[0m  [1m[34mSELECT "books".* FROM "books" WHERE "books"."id" = $1 LIMIT $2[0m  [["id", 1], ["LIMIT", 1]]
  ↳ app/controllers/books_controller.rb:8:in `show'
  Rendering layout layouts/application.html.erb
  Rendering books/show.html.erb within layouts/application
  Rendered books/show.html.erb within layouts/application (Duration: 0.3ms | Allocations: 64)
  Rendered layout layouts/application.html.erb (Duration: 4.3ms | Allocations: 2449)
Completed 200 OK in 8ms (Views: 5.1ms | ActiveRecord: 0.2ms | Allocations: 3281)


Started GET "/books" for 127.0.0.1 at 2022-06-24 19:34:36 +0200
Processing by BooksController#index as HTML
  Rendering layout layouts/application.html.erb
  Rendering books/index.html.erb within layouts/application
  [1m[36mBook Load (0.4ms)[0m  [1m[34mSELECT "books".* FROM "books"[0m
  ↳ app/views/books/index.html.erb:14
  Rendered books/index.html.erb within layouts/application (Duration: 3.5ms | Allocations: 722)
  Rendered layout layouts/application.html.erb (Duration: 10.9ms | Allocations: 3112)
Completed 200 OK in 14ms (Views: 11.9ms | ActiveRecord: 0.4ms | Allocations: 3451)


Started GET "/books/new" for 127.0.0.1 at 2022-06-24 19:34:37 +0200
Processing by BooksController#new as HTML
  Rendering layout layouts/application.html.erb
  Rendering books/new.html.erb within layouts/application
  Rendered books/_form.html.erb (Duration: 2.7ms | Allocations: 1736)
  Rendered books/new.html.erb within layouts/application (Duration: 4.1ms | Allocations: 1995)
  Rendered layout layouts/application.html.erb (Duration: 8.9ms | Allocations: 4192)
Completed 200 OK in 12ms (Views: 10.4ms | ActiveRecord: 0.0ms | Allocations: 4591)


Started GET "/books" for 127.0.0.1 at 2022-06-24 19:36:07 +0200
Processing by BooksController#index as HTML
  Rendering layout layouts/application.html.erb
  Rendering books/index.html.erb within layouts/application
  [1m[36mBook Load (0.4ms)[0m  [1m[34mSELECT "books".* FROM "books"[0m
  ↳ app/views/books/index.html.erb:14
  Rendered books/index.html.erb within layouts/application (Duration: 6.7ms | Allocations: 1138)
  Rendered layout layouts/application.html.erb (Duration: 14.3ms | Allocations: 3982)
Completed 200 OK in 18ms (Views: 16.4ms | ActiveRecord: 0.4ms | Allocations: 5121)


Started GET "/books/1" for 127.0.0.1 at 2022-06-24 19:36:08 +0200
Processing by BooksController#show as HTML
  Parameters: {"id"=>"1"}
  [1m[36mBook Load (0.3ms)[0m  [1m[34mSELECT "books".* FROM "books" WHERE "books"."id" = $1 LIMIT $2[0m  [["id", 1], ["LIMIT", 1]]
  ↳ app/controllers/books_controller.rb:8:in `show'
  Rendering layout layouts/application.html.erb
  Rendering books/show.html.erb within layouts/application
  Rendered books/show.html.erb within layouts/application (Duration: 2.7ms | Allocations: 389)
  Rendered layout layouts/application.html.erb (Duration: 11.3ms | Allocations: 2768)
Completed 200 OK in 28ms (Views: 13.7ms | ActiveRecord: 0.3ms | Allocations: 3700)


Started GET "/books/1/edit" for 127.0.0.1 at 2022-06-24 19:36:10 +0200
Processing by BooksController#edit as HTML
  Parameters: {"id"=>"1"}
  [1m[36mBook Load (0.2ms)[0m  [1m[34mSELECT "books".* FROM "books" WHERE "books"."id" = $1 LIMIT $2[0m  [["id", 1], ["LIMIT", 1]]
  ↳ app/controllers/books_controller.rb:25:in `edit'
  Rendering layout layouts/application.html.erb
  Rendering books/edit.html.erb within layouts/application
  Rendered books/_form.html.erb (Duration: 2.8ms | Allocations: 1864)
  Rendered books/edit.html.erb within layouts/application (Duration: 4.0ms | Allocations: 2123)
  Rendered layout layouts/application.html.erb (Duration: 9.0ms | Allocations: 4312)
Completed 200 OK in 13ms (Views: 9.9ms | ActiveRecord: 0.2ms | Allocations: 5199)


Started GET "/books" for 127.0.0.1 at 2022-06-24 19:36:19 +0200
Processing by BooksController#index as HTML
  Rendering layout layouts/application.html.erb
  Rendering books/index.html.erb within layouts/application
  [1m[36mBook Load (0.5ms)[0m  [1m[34mSELECT "books".* FROM "books"[0m
  ↳ app/views/books/index.html.erb:14
  Rendered books/index.html.erb within layouts/application (Duration: 7.0ms | Allocations: 722)
  Rendered layout layouts/application.html.erb (Duration: 14.9ms | Allocations: 3091)
Completed 200 OK in 17ms (Views: 15.5ms | ActiveRecord: 0.5ms | Allocations: 3432)


Started GET "/books/2" for 127.0.0.1 at 2022-06-24 19:36:20 +0200
Processing by BooksController#show as HTML
  Parameters: {"id"=>"2"}
  [1m[36mBook Load (0.2ms)[0m  [1m[34mSELECT "books".* FROM "books" WHERE "books"."id" = $1 LIMIT $2[0m  [["id", 2], ["LIMIT", 1]]
  ↳ app/controllers/books_controller.rb:8:in `show'
  Rendering layout layouts/application.html.erb
  Rendering books/show.html.erb within layouts/application
  Rendered books/show.html.erb within layouts/application (Duration: 0.4ms | Allocations: 150)
  Rendered layout layouts/application.html.erb (Duration: 4.8ms | Allocations: 2520)
Completed 200 OK in 9ms (Views: 5.6ms | ActiveRecord: 0.2ms | Allocations: 3352)


Started GET "/books/2/edit" for 127.0.0.1 at 2022-06-24 19:36:22 +0200
Processing by BooksController#edit as HTML
  Parameters: {"id"=>"2"}
  [1m[36mBook Load (0.2ms)[0m  [1m[34mSELECT "books".* FROM "books" WHERE "books"."id" = $1 LIMIT $2[0m  [["id", 2], ["LIMIT", 1]]
  ↳ app/controllers/books_controller.rb:25:in `edit'
  Rendering layout layouts/application.html.erb
  Rendering books/edit.html.erb within layouts/application
  Rendered books/_form.html.erb (Duration: 2.0ms | Allocations: 1325)
  Rendered books/edit.html.erb within layouts/application (Duration: 2.3ms | Allocations: 1400)
  Rendered layout layouts/application.html.erb (Duration: 7.6ms | Allocations: 3589)
Completed 200 OK in 15ms (Views: 8.4ms | ActiveRecord: 0.2ms | Allocations: 4422)


Started PATCH "/books/2" for 127.0.0.1 at 2022-06-24 19:37:02 +0200
Processing by BooksController#update as TURBO_STREAM
  Parameters: {"authenticity_token"=>"[FILTERED]", "book"=>{"isbn"=>"34", "name"=>"rails backend dev", "description"=>"this is your start for becoming a rails backend dev"}, "commit"=>"Update Book", "id"=>"2"}
  [1m[36mBook Load (0.3ms)[0m  [1m[34mSELECT "books".* FROM "books" WHERE "books"."id" = $1 LIMIT $2[0m  [["id", 2], ["LIMIT", 1]]
  ↳ app/controllers/books_controller.rb:29:in `update'
  [1m[36mTRANSACTION (0.4ms)[0m  [1m[35mBEGIN[0m
  ↳ app/controllers/books_controller.rb:30:in `update'
  [1m[36mBook Update (0.7ms)[0m  [1m[33mUPDATE "books" SET "name" = $1, "description" = $2, "updated_at" = $3 WHERE "books"."id" = $4[0m  [["name", "rails backend dev"], ["description", "this is your start for becoming a rails backend dev"], ["updated_at", "2022-06-24 17:37:02.482526"], ["id", 2]]
  ↳ app/controllers/books_controller.rb:30:in `update'
  [1m[36mTRANSACTION (2.3ms)[0m  [1m[35mCOMMIT[0m
  ↳ app/controllers/books_controller.rb:30:in `update'
Redirected to http://127.0.0.1:3000/books/2
Completed 302 Found in 20ms (ActiveRecord: 3.7ms | Allocations: 3091)


Started GET "/books/2" for 127.0.0.1 at 2022-06-24 19:37:02 +0200
Processing by BooksController#show as TURBO_STREAM
  Parameters: {"id"=>"2"}
  [1m[36mBook Load (0.3ms)[0m  [1m[34mSELECT "books".* FROM "books" WHERE "books"."id" = $1 LIMIT $2[0m  [["id", 2], ["LIMIT", 1]]
  ↳ app/controllers/books_controller.rb:8:in `show'
  Rendering layout layouts/application.html.erb
  Rendering books/show.html.erb within layouts/application
  Rendered books/show.html.erb within layouts/application (Duration: 0.8ms | Allocations: 151)
  Rendered layout layouts/application.html.erb (Duration: 11.5ms | Allocations: 2537)
Completed 200 OK in 18ms (Views: 13.0ms | ActiveRecord: 0.3ms | Allocations: 3421)


Started GET "/books" for 127.0.0.1 at 2022-06-24 19:37:05 +0200
Processing by BooksController#index as HTML
  Rendering layout layouts/application.html.erb
  Rendering books/index.html.erb within layouts/application
  [1m[36mBook Load (0.3ms)[0m  [1m[34mSELECT "books".* FROM "books"[0m
  ↳ app/views/books/index.html.erb:14
  Rendered books/index.html.erb within layouts/application (Duration: 2.6ms | Allocations: 722)
  Rendered layout layouts/application.html.erb (Duration: 8.2ms | Allocations: 3106)
Completed 200 OK in 10ms (Views: 8.7ms | ActiveRecord: 0.3ms | Allocations: 3445)


Started GET "/books" for 127.0.0.1 at 2022-06-24 19:38:09 +0200
Processing by BooksController#index as HTML
  Rendering layout layouts/application.html.erb
  Rendering books/index.html.erb within layouts/application
  [1m[36mBook Load (0.4ms)[0m  [1m[34mSELECT "books".* FROM "books"[0m
  ↳ app/views/books/index.html.erb:14
  Rendered books/index.html.erb within layouts/application (Duration: 5.4ms | Allocations: 1163)
  Rendered layout layouts/application.html.erb (Duration: 12.9ms | Allocations: 3998)
Completed 200 OK in 19ms (Views: 16.3ms | ActiveRecord: 0.4ms | Allocations: 5136)


Started GET "/books" for 127.0.0.1 at 2022-06-24 19:38:22 +0200
Processing by BooksController#index as HTML
  Rendering layout layouts/application.html.erb
  Rendering books/index.html.erb within layouts/application
  [1m[36mBook Load (0.5ms)[0m  [1m[34mSELECT "books".* FROM "books"[0m
  ↳ app/views/books/index.html.erb:14
  Rendered books/index.html.erb within layouts/application (Duration: 6.2ms | Allocations: 1246)
  Rendered layout layouts/application.html.erb (Duration: 12.5ms | Allocations: 4075)
Completed 200 OK in 18ms (Views: 15.1ms | ActiveRecord: 0.5ms | Allocations: 5235)


Started GET "/books" for 127.0.0.1 at 2022-06-24 19:39:17 +0200
Processing by BooksController#index as HTML
  Rendering layout layouts/application.html.erb
  Rendering books/index.html.erb within layouts/application
  [1m[36mBook Load (0.5ms)[0m  [1m[34mSELECT "books".* FROM "books"[0m
  ↳ app/views/books/index.html.erb:14
  Rendered books/index.html.erb within layouts/application (Duration: 5.3ms | Allocations: 2214)
  Rendered layout layouts/application.html.erb (Duration: 5.9ms | Allocations: 2302)
Completed 500 Internal Server Error in 13ms (ActiveRecord: 0.5ms | Allocations: 3424)


  
ActionView::Template::Error (No route matches {:action=>"edit", :controller=>"books", :id=>nil}, missing required keys: [:id]):
    17:                 <td> <%= book.name %> </td>
    18:                 <td> 
    19:                     <%= link_to "view", book %> 
    20:                     <%= link_to "edit", edit_book_path(@book) %>
    21:                 </td>
    22:             </tr>
    23:         <% end %>
  
app/views/books/index.html.erb:20
app/views/books/index.html.erb:14
Started GET "/" for 127.0.0.1 at 2022-06-24 19:40:08 +0200
Processing by BooksController#index as HTML
  Rendering layout layouts/application.html.erb
  Rendering books/index.html.erb within layouts/application
  [1m[36mBook Load (0.4ms)[0m  [1m[34mSELECT "books".* FROM "books"[0m
  ↳ app/views/books/index.html.erb:14
  Rendered books/index.html.erb within layouts/application (Duration: 5.6ms | Allocations: 1248)
  Rendered layout layouts/application.html.erb (Duration: 15.7ms | Allocations: 4102)
Completed 200 OK in 23ms (Views: 19.6ms | ActiveRecord: 0.4ms | Allocations: 5257)


Started GET "/books/1/edit" for 127.0.0.1 at 2022-06-24 19:40:10 +0200
Processing by BooksController#edit as HTML
  Parameters: {"id"=>"1"}
  [1m[36mBook Load (0.6ms)[0m  [1m[34mSELECT "books".* FROM "books" WHERE "books"."id" = $1 LIMIT $2[0m  [["id", 1], ["LIMIT", 1]]
  ↳ app/controllers/books_controller.rb:25:in `edit'
  Rendering layout layouts/application.html.erb
  Rendering books/edit.html.erb within layouts/application
  Rendered books/_form.html.erb (Duration: 2.8ms | Allocations: 1846)
  Rendered books/edit.html.erb within layouts/application (Duration: 4.9ms | Allocations: 2105)
  Rendered layout layouts/application.html.erb (Duration: 10.4ms | Allocations: 4294)
Completed 200 OK in 32ms (Views: 14.3ms | ActiveRecord: 0.6ms | Allocations: 5226)


Started GET "/books/2/edit" for 127.0.0.1 at 2022-06-24 19:40:14 +0200
Processing by BooksController#edit as HTML
  Parameters: {"id"=>"2"}
  [1m[36mBook Load (0.2ms)[0m  [1m[34mSELECT "books".* FROM "books" WHERE "books"."id" = $1 LIMIT $2[0m  [["id", 2], ["LIMIT", 1]]
  ↳ app/controllers/books_controller.rb:25:in `edit'
  Rendering layout layouts/application.html.erb
  Rendering books/edit.html.erb within layouts/application
  Rendered books/_form.html.erb (Duration: 2.4ms | Allocations: 1332)
  Rendered books/edit.html.erb within layouts/application (Duration: 2.7ms | Allocations: 1407)
  Rendered layout layouts/application.html.erb (Duration: 7.3ms | Allocations: 3596)
Completed 200 OK in 11ms (Views: 8.1ms | ActiveRecord: 0.2ms | Allocations: 4428)


Started GET "/" for 127.0.0.1 at 2022-06-24 19:41:01 +0200
Processing by BooksController#index as HTML
  Rendering layout layouts/application.html.erb
  Rendering books/index.html.erb within layouts/application
  [1m[36mBook Load (0.5ms)[0m  [1m[34mSELECT "books".* FROM "books"[0m
  ↳ app/views/books/index.html.erb:14
  Rendered books/index.html.erb within layouts/application (Duration: 9.3ms | Allocations: 1395)
  Rendered layout layouts/application.html.erb (Duration: 18.7ms | Allocations: 4229)
Completed 200 OK in 29ms (Views: 25.7ms | ActiveRecord: 0.5ms | Allocations: 5370)


Started GET "/books/new" for 127.0.0.1 at 2022-06-24 19:41:07 +0200
Processing by BooksController#new as HTML
  Rendering layout layouts/application.html.erb
  Rendering books/new.html.erb within layouts/application
  Rendered books/_form.html.erb (Duration: 4.3ms | Allocations: 1754)
  Rendered books/new.html.erb within layouts/application (Duration: 6.6ms | Allocations: 2013)
  Rendered layout layouts/application.html.erb (Duration: 13.3ms | Allocations: 4210)
Completed 200 OK in 17ms (Views: 14.4ms | ActiveRecord: 0.0ms | Allocations: 4630)


Started POST "/books" for 127.0.0.1 at 2022-06-24 19:41:15 +0200
Processing by BooksController#create as TURBO_STREAM
  Parameters: {"authenticity_token"=>"[FILTERED]", "book"=>{"isbn"=>"12", "name"=>"df", "description"=>"hello desc"}, "commit"=>"Create Book"}
  [1m[36mTRANSACTION (0.2ms)[0m  [1m[35mBEGIN[0m
  ↳ app/controllers/books_controller.rb:17:in `create'
  [1m[36mBook Create (0.5ms)[0m  [1m[32mINSERT INTO "books" ("isbn", "name", "description", "created_at", "updated_at") VALUES ($1, $2, $3, $4, $5) RETURNING "id"[0m  [["isbn", 12], ["name", "df"], ["description", "hello desc"], ["created_at", "2022-06-24 17:41:15.147528"], ["updated_at", "2022-06-24 17:41:15.147528"]]
  ↳ app/controllers/books_controller.rb:17:in `create'
  [1m[36mTRANSACTION (2.9ms)[0m  [1m[35mCOMMIT[0m
  ↳ app/controllers/books_controller.rb:17:in `create'
Redirected to http://127.0.0.1:3000/books/3
Completed 302 Found in 14ms (ActiveRecord: 3.7ms | Allocations: 2449)


Started GET "/books/3" for 127.0.0.1 at 2022-06-24 19:41:15 +0200
Processing by BooksController#show as TURBO_STREAM
  Parameters: {"id"=>"3"}
  [1m[36mBook Load (0.2ms)[0m  [1m[34mSELECT "books".* FROM "books" WHERE "books"."id" = $1 LIMIT $2[0m  [["id", 3], ["LIMIT", 1]]
  ↳ app/controllers/books_controller.rb:8:in `show'
  Rendering layout layouts/application.html.erb
  Rendering books/show.html.erb within layouts/application
  Rendered books/show.html.erb within layouts/application (Duration: 1.5ms | Allocations: 372)
  Rendered layout layouts/application.html.erb (Duration: 6.0ms | Allocations: 2742)
Completed 200 OK in 10ms (Views: 6.9ms | ActiveRecord: 0.2ms | Allocations: 3690)


Started GET "/books" for 127.0.0.1 at 2022-06-24 19:41:17 +0200
Processing by BooksController#index as HTML
  Rendering layout layouts/application.html.erb
  Rendering books/index.html.erb within layouts/application
  [1m[36mBook Load (0.3ms)[0m  [1m[34mSELECT "books".* FROM "books"[0m
  ↳ app/views/books/index.html.erb:14
  Rendered books/index.html.erb within layouts/application (Duration: 3.3ms | Allocations: 1038)
  Rendered layout layouts/application.html.erb (Duration: 9.5ms | Allocations: 3410)
Completed 200 OK in 11ms (Views: 9.8ms | ActiveRecord: 0.3ms | Allocations: 3751)


Started DELETE "/books/3" for 127.0.0.1 at 2022-06-24 19:41:20 +0200
Processing by BooksController#destroy as TURBO_STREAM
  Parameters: {"id"=>"3"}
  [1m[36mBook Load (0.8ms)[0m  [1m[34mSELECT "books".* FROM "books" WHERE "books"."id" = $1 LIMIT $2[0m  [["id", 3], ["LIMIT", 1]]
  ↳ app/controllers/books_controller.rb:38:in `destroy'
  [1m[36mTRANSACTION (0.2ms)[0m  [1m[35mBEGIN[0m
  ↳ app/controllers/books_controller.rb:39:in `destroy'
  [1m[36mBook Destroy (0.4ms)[0m  [1m[31mDELETE FROM "books" WHERE "books"."id" = $1[0m  [["id", 3]]
  ↳ app/controllers/books_controller.rb:39:in `destroy'
  [1m[36mTRANSACTION (5.4ms)[0m  [1m[35mCOMMIT[0m
  ↳ app/controllers/books_controller.rb:39:in `destroy'
Redirected to http://127.0.0.1:3000/
Completed 303 See Other in 16ms (ActiveRecord: 6.7ms | Allocations: 2452)


Started GET "/" for 127.0.0.1 at 2022-06-24 19:41:20 +0200
Processing by BooksController#index as TURBO_STREAM
  Rendering layout layouts/application.html.erb
  Rendering books/index.html.erb within layouts/application
  [1m[36mBook Load (0.2ms)[0m  [1m[34mSELECT "books".* FROM "books"[0m
  ↳ app/views/books/index.html.erb:14
  Rendered books/index.html.erb within layouts/application (Duration: 2.9ms | Allocations: 900)
  Rendered layout layouts/application.html.erb (Duration: 8.3ms | Allocations: 3275)
Completed 200 OK in 10ms (Views: 8.8ms | ActiveRecord: 0.2ms | Allocations: 3617)


